app/build/outputs/logs/manifest-merger-debug-report.txt
-- Merging decision tree log ---
manifest
ADDED from src\main\AndroidManifest.xml:2:1-169:12
INJECTED from src\main\AndroidManifest.xml:2:1-169:12
INJECTED from src\main\AndroidManifest.xml:2:1-169:12
INJECTED from src\main\AndroidManifest.xml:2:1-169:12
MERGED from [com.android.support:appcompat-v7:22.2.0] AndroidManifest.xml:17:1-24:12
MERGED from [me.dm7.barcodescanner:zbar:1.8.2] AndroidManifest.xml:2:1-13:12
MERGED from [me.dm7.barcodescanner:core:1.8.2] AndroidManifest.xml:2:1-13:12
MERGED from [com.android.support:support-v4:22.2.0] AndroidManifest.xml:17:1-24:12
INJECTED from src\main\AndroidManifest.xml:2:1-169:12
INJECTED from src\main\AndroidManifest.xml:2:1-169:12
INJECTED from src\main\AndroidManifest.xml:2:1-169:12
	package
		ADDED from src\main\AndroidManifest.xml:3:5-49
		INJECTED from src\main\AndroidManifest.xml
		INJECTED from src\main\AndroidManifest.xml
	android:versionName
		ADDED from src\main\AndroidManifest.xml:5:5-30
		INJECTED from src\main\AndroidManifest.xml
		INJECTED from src\main\AndroidManifest.xml
	xmlns:android
		ADDED from src\main\AndroidManifest.xml:2:11-69
	android:versionCode
		ADDED from src\main\AndroidManifest.xml:4:5-28
		INJECTED from src\main\AndroidManifest.xml
		INJECTED from src\main\AndroidManifest.xml
uses-sdk
ADDED from src\main\AndroidManifest.xml:7:5-9:41
INJECTED from src\main\AndroidManifest.xml:7:5-9:41
INJECTED from src\main\AndroidManifest.xml:7:5-9:41
MERGED from [com.android.support:appcompat-v7:22.2.0] AndroidManifest.xml:20:5-43
MERGED from [com.android.support:appcompat-v7:22.2.0] AndroidManifest.xml:20:5-43
MERGED from [me.dm7.barcodescanner:zbar:1.8.2] AndroidManifest.xml:7:5-9:41
MERGED from [me.dm7.barcodescanner:zbar:1.8.2] AndroidManifest.xml:7:5-9:41
MERGED from [me.dm7.barcodescanner:core:1.8.2] AndroidManifest.xml:7:5-9:41
MERGED from [me.dm7.barcodescanner:core:1.8.2] AndroidManifest.xml:7:5-9:41
MERGED from [com.android.support:support-v4:22.2.0] AndroidManifest.xml:20:5-43
MERGED from [com.android.support:support-v4:22.2.0] AndroidManifest.xml:20:5-43
INJECTED from src\main\AndroidManifest.xml:7:5-9:41
INJECTED from src\main\AndroidManifest.xml:7:5-9:41
	android:targetSdkVersion
		ADDED from src\main\AndroidManifest.xml:9:9-38
		INJECTED from src\main\AndroidManifest.xml
		INJECTED from src\main\AndroidManifest.xml
	android:minSdkVersion
		ADDED from src\main\AndroidManifest.xml:8:9-35
		INJECTED from src\main\AndroidManifest.xml
		INJECTED from src\main\AndroidManifest.xml
uses-feature#android.hardware.camera
ADDED from src\main\AndroidManifest.xml:11:5-60
	android:name
		ADDED from src\main\AndroidManifest.xml:11:19-57
uses-feature#android.hardware.camera.autofocus
ADDED from src\main\AndroidManifest.xml:12:5-14:36
	android:required
		ADDED from src\main\AndroidManifest.xml:14:9-33
	android:name
		ADDED from src\main\AndroidManifest.xml:13:9-57
uses-feature#android.hardware.touchscreen
ADDED from src\main\AndroidManifest.xml:15:5-17:36
	android:required
		ADDED from src\main\AndroidManifest.xml:17:9-33
	android:name
		ADDED from src\main\AndroidManifest.xml:16:9-52
uses-permission#android.permission.CAMERA
ADDED from src\main\AndroidManifest.xml:19:5-65
	android:name
		ADDED from src\main\AndroidManifest.xml:19:22-62
uses-permission#android.permission.INTERNET
ADDED from src\main\AndroidManifest.xml:20:5-67
	android:name
		ADDED from src\main\AndroidManifest.xml:20:22-64
uses-permission#android.permission.ACCESS_WIFI_STATE
ADDED from src\main\AndroidManifest.xml:22:5-76
	android:name
		ADDED from src\main\AndroidManifest.xml:22:22-73
uses-permission#android.permission.ACCESS_NETWORK_STATE
ADDED from src\main\AndroidManifest.xml:23:5-79
	android:name
		ADDED from src\main\AndroidManifest.xml:23:22-76
uses-permission#android.permission.ACCESS_COARSE_LOCATION
ADDED from src\main\AndroidManifest.xml:24:5-81
	android:name
		ADDED from src\main\AndroidManifest.xml:24:22-78
uses-permission#android.permission.ACCESS_FINE_LOCATION
ADDED from src\main\AndroidManifest.xml:25:5-79
	android:name
		ADDED from src\main\AndroidManifest.xml:25:22-76
uses-permission#android.permission.WRITE_EXTERNAL_STORAGE
ADDED from src\main\AndroidManifest.xml:26:5-81
	android:name
		ADDED from src\main\AndroidManifest.xml:26:22-78
uses-permission#android.permission.READ_EXTERNAL_STORAGE
ADDED from src\main\AndroidManifest.xml:27:5-80
	android:name
		ADDED from src\main\AndroidManifest.xml:27:22-77
android:uses-permission#android.permission.READ_PHONE_STATE
ADDED from src\main\AndroidManifest.xml:29:5-83
	android:name
		ADDED from src\main\AndroidManifest.xml:29:30-80
application
ADDED from src\main\AndroidManifest.xml:31:5-167:19
MERGED from [com.android.support:appcompat-v7:22.2.0] AndroidManifest.xml:22:5-20
MERGED from [com.android.support:appcompat-v7:22.2.0] AndroidManifest.xml:22:5-20
MERGED from [me.dm7.barcodescanner:zbar:1.8.2] AndroidManifest.xml:11:5-20
MERGED from [me.dm7.barcodescanner:zbar:1.8.2] AndroidManifest.xml:11:5-20
MERGED from [me.dm7.barcodescanner:core:1.8.2] AndroidManifest.xml:11:5-20
MERGED from [me.dm7.barcodescanner:core:1.8.2] AndroidManifest.xml:11:5-20
MERGED from [com.android.support:support-v4:22.2.0] AndroidManifest.xml:22:5-20
MERGED from [com.android.support:support-v4:22.2.0] AndroidManifest.xml:22:5-20
	android:label
		ADDED from src\main\AndroidManifest.xml:34:9-41
	android:icon
		ADDED from src\main\AndroidManifest.xml:33:9-35
	android:allowBackup
		ADDED from src\main\AndroidManifest.xml:32:9-35
	android:theme
		ADDED from src\main\AndroidManifest.xml:35:9-43
activity#com.jwetherell.quick_response_code.Login
ADDED from src\main\AndroidManifest.xml:36:9-48:20
	android:screenOrientation
		ADDED from src\main\AndroidManifest.xml:40:13-49
	android:label
		ADDED from src\main\AndroidManifest.xml:39:13-45
	android:windowSoftInputMode
		ADDED from src\main\AndroidManifest.xml:42:13-52
	android:configChanges
		ADDED from src\main\AndroidManifest.xml:38:13-70
	android:theme
		ADDED from src\main\AndroidManifest.xml:41:13-60
	android:name
		ADDED from src\main\AndroidManifest.xml:37:13-34
intent-filter#action:name:android.intent.action.MAIN+category:name:android.intent.category.LAUNCHER
ADDED from src\main\AndroidManifest.xml:43:13-47:29
action#android.intent.action.MAIN
ADDED from src\main\AndroidManifest.xml:44:17-69
	android:name
		ADDED from src\main\AndroidManifest.xml:44:25-66
category#android.intent.category.LAUNCHER
ADDED from src\main\AndroidManifest.xml:46:17-77
	android:name
		ADDED from src\main\AndroidManifest.xml:46:27-74
activity#com.jwetherell.quick_response_code.Config
ADDED from src\main\AndroidManifest.xml:55:9-60:58
	android:screenOrientation
		ADDED from src\main\AndroidManifest.xml:58:13-49
	android:windowSoftInputMode
		ADDED from src\main\AndroidManifest.xml:60:13-55
	android:configChanges
		ADDED from src\main\AndroidManifest.xml:57:13-70
	android:theme
		ADDED from src\main\AndroidManifest.xml:59:13-60
	android:name
		ADDED from src\main\AndroidManifest.xml:56:13-35
activity#com.jwetherell.quick_response_code.ActivityOfflineMainScreen
ADDED from src\main\AndroidManifest.xml:61:9-64:58
	android:windowSoftInputMode
		ADDED from src\main\AndroidManifest.xml:64:13-55
	android:theme
		ADDED from src\main\AndroidManifest.xml:63:13-60
	android:name
		ADDED from src\main\AndroidManifest.xml:62:13-54
activity#com.jwetherell.quick_response_code.CaptureActivity
ADDED from src\main\AndroidManifest.xml:68:9-83:20
	android:screenOrientation
		ADDED from src\main\AndroidManifest.xml:72:13-50
	android:parentActivityName
		ADDED from src\main\AndroidManifest.xml:71:13-54
	android:configChanges
		ADDED from src\main\AndroidManifest.xml:70:13-70
	android:theme
		ADDED from src\main\AndroidManifest.xml:73:13-60
	android:name
		ADDED from src\main\AndroidManifest.xml:69:13-44
meta-data#android.support.PARENT_ACTIVITY
ADDED from src\main\AndroidManifest.xml:74:13-76:48
	android:value
		ADDED from src\main\AndroidManifest.xml:76:17-45
	android:name
		ADDED from src\main\AndroidManifest.xml:75:17-63
activity#com.jwetherell.quick_response_code.Personnel
ADDED from src\main\AndroidManifest.xml:85:9-87:52
	android:screenOrientation
		ADDED from src\main\AndroidManifest.xml:87:13-49
	android:name
		ADDED from src\main\AndroidManifest.xml:86:13-38
activity#com.jwetherell.quick_response_code.MainContent
ADDED from src\main\AndroidManifest.xml:92:9-96:63
	android:screenOrientation
		ADDED from src\main\AndroidManifest.xml:95:13-49
	android:configChanges
		ADDED from src\main\AndroidManifest.xml:94:13-70
	android:theme
		ADDED from src\main\AndroidManifest.xml:96:13-60
	android:name
		ADDED from src\main\AndroidManifest.xml:93:13-40
activity#com.jwetherell.quick_response_code.AddUser
ADDED from src\main\AndroidManifest.xml:97:9-99:59
	android:theme
		ADDED from src\main\AndroidManifest.xml:99:13-56
	android:name
		ADDED from src\main\AndroidManifest.xml:98:13-36
activity#com.jwetherell.quick_response_code.GlobalSetting.SettingActivity
ADDED from src\main\AndroidManifest.xml:100:9-104:54
	android:label
		ADDED from src\main\AndroidManifest.xml:103:13-59
	android:configChanges
		ADDED from src\main\AndroidManifest.xml:102:13-74
	android:theme
		ADDED from src\main\AndroidManifest.xml:104:13-51
	android:name
		ADDED from src\main\AndroidManifest.xml:101:13-58
activity#com.jwetherell.quick_response_code.GlobalSetting.TestFullScreen
ADDED from src\main\AndroidManifest.xml:105:9-109:54
	android:label
		ADDED from src\main\AndroidManifest.xml:108:13-68
	android:configChanges
		ADDED from src\main\AndroidManifest.xml:107:13-74
	android:theme
		ADDED from src\main\AndroidManifest.xml:109:13-51
	android:name
		ADDED from src\main\AndroidManifest.xml:106:13-57
activity#com.jwetherell.quick_response_code.GlobalSetting.SettingChangePassword
ADDED from src\main\AndroidManifest.xml:110:9-114:54
	android:label
		ADDED from src\main\AndroidManifest.xml:113:13-75
	android:configChanges
		ADDED from src\main\AndroidManifest.xml:112:13-74
	android:theme
		ADDED from src\main\AndroidManifest.xml:114:13-51
	android:name
		ADDED from src\main\AndroidManifest.xml:111:13-64
activity#com.jwetherell.quick_response_code.GlobalSetting.SettingListUser
ADDED from src\main\AndroidManifest.xml:115:9-119:54
	android:label
		ADDED from src\main\AndroidManifest.xml:118:13-69
	android:configChanges
		ADDED from src\main\AndroidManifest.xml:117:13-74
	android:theme
		ADDED from src\main\AndroidManifest.xml:119:13-51
	android:name
		ADDED from src\main\AndroidManifest.xml:116:13-58
activity#com.jwetherell.quick_response_code.GlobalSetting.ManualChangePassword
ADDED from src\main\AndroidManifest.xml:120:9-123:54
	android:label
		ADDED from src\main\AndroidManifest.xml:122:13-74
	android:theme
		ADDED from src\main\AndroidManifest.xml:123:13-51
	android:name
		ADDED from src\main\AndroidManifest.xml:121:13-63
activity#com.jwetherell.quick_response_code.GlobalSetting.ForgotPassword
ADDED from src\main\AndroidManifest.xml:124:9-128:54
	android:label
		ADDED from src\main\AndroidManifest.xml:127:13-67
	android:configChanges
		ADDED from src\main\AndroidManifest.xml:126:13-74
	android:theme
		ADDED from src\main\AndroidManifest.xml:128:13-51
	android:name
		ADDED from src\main\AndroidManifest.xml:125:13-57
activity#com.jwetherell.quick_response_code.GlobalSetting.PopupChangePassword
ADDED from src\main\AndroidManifest.xml:129:9-133:59
	android:label
		ADDED from src\main\AndroidManifest.xml:132:13-73
	android:configChanges
		ADDED from src\main\AndroidManifest.xml:131:13-74
	android:theme
		ADDED from src\main\AndroidManifest.xml:133:13-56
	android:name
		ADDED from src\main\AndroidManifest.xml:130:13-62
activity#com.jwetherell.quick_response_code.MainActivity
ADDED from src\main\AndroidManifest.xml:134:9-145:20
	android:screenOrientation
		ADDED from src\main\AndroidManifest.xml:138:13-49
	android:label
		ADDED from src\main\AndroidManifest.xml:137:13-45
	android:configChanges
		ADDED from src\main\AndroidManifest.xml:136:13-70
	android:theme
		ADDED from src\main\AndroidManifest.xml:139:13-60
	android:name
		ADDED from src\main\AndroidManifest.xml:135:13-41
activity#com.jwetherell.quick_response_code.EmployeeListOffline
ADDED from src\main\AndroidManifest.xml:146:9-149:63
	android:screenOrientation
		ADDED from src\main\AndroidManifest.xml:148:13-49
	android:theme
		ADDED from src\main\AndroidManifest.xml:149:13-60
	android:name
		ADDED from src\main\AndroidManifest.xml:147:13-48
activity#com.jwetherell.quick_response_code.DialogDepartmentActivity
ADDED from src\main\AndroidManifest.xml:150:9-153:67
	android:label
		ADDED from src\main\AndroidManifest.xml:152:13-51
	android:theme
		ADDED from src\main\AndroidManifest.xml:153:13-64
	android:name
		ADDED from src\main\AndroidManifest.xml:151:13-53
activity#com.jwetherell.quick_response_code.ActivityChooseEmployeeAction
ADDED from src\main\AndroidManifest.xml:154:9-157:59
	android:label
		ADDED from src\main\AndroidManifest.xml:156:13-62
	android:theme
		ADDED from src\main\AndroidManifest.xml:157:13-56
	android:name
		ADDED from src\main\AndroidManifest.xml:155:13-57
activity#com.jwetherell.quick_response_code.ActivityEMPTodayAttendent
ADDED from src\main\AndroidManifest.xml:158:9-160:70
	android:label
		ADDED from src\main\AndroidManifest.xml:160:13-67
	android:name
		ADDED from src\main\AndroidManifest.xml:159:13-54
activity#com.jwetherell.quick_response_code.Dialog_Offline_EMP
ADDED from src\main\AndroidManifest.xml:161:9-164:59
	android:label
		ADDED from src\main\AndroidManifest.xml:163:13-62
	android:theme
		ADDED from src\main\AndroidManifest.xml:164:13-56
	android:name
		ADDED from src\main\AndroidManifest.xml:162:13-47
activity#com.jwetherell.quick_response_code.BarcodeScanner
ADDED from src\main\AndroidManifest.xml:165:9-166:69
	android:theme
		ADDED from src\main\AndroidManifest.xml:166:13-57
	android:name
		ADDED from src\main\AndroidManifest.xml:165:19-49